<?xml version="1.0" encoding="UTF-8"?>
<robot generator="Robot 5.0.1 (Python 3.10.5 on win32)" generated="20220720 14:19:18.336" rpa="false" schemaversion="3">
<suite id="s1" name="TestCase02" source="C:\test\Testbeginning\TestCase02.robot">
<test id="s1-t1" name="TestCase_02" line="26">
<kw name="Testcase1">
<kw name="OpenGoogle" library="resource">
<kw name="New Browser" library="Browser">
<arg>chromium</arg>
<arg>headless=false</arg>
<tag>BrowserControl</tag>
<tag>Setter</tag>
<doc>Create a new playwright Browser with specified options.</doc>
<msg timestamp="20220720 14:19:19.817" level="INFO">{"browser": "chromium", "headless": false, "handleSIGINT": true, "handleSIGTERM": true, "handleSIGHUP": true, "timeout": 30000.0, "devtools": false, "slowMo": 0.0, "tracesDir": "C:\\test\\Testbeginning\\browser\\traces\\c4c1ca11-3cf9-46b3-9126-59901e2ee796"}</msg>
<msg timestamp="20220720 14:19:20.806" level="INFO">Successfully created browser with options: {"browser":"chromium","headless":false,"handleSIGINT":true,"handleSIGTERM":true,"handleSIGHUP":true,"timeout":30000,"devtools":false,"slowMo":0,"tracesDir":"C:\\test\\Testbeginning\\browser\\traces\\c4c1ca11-3cf9-46b3-9126-59901e2ee796"}</msg>
<status status="PASS" starttime="20220720 14:19:19.816" endtime="20220720 14:19:20.806"/>
</kw>
<kw name="New Context" library="Browser">
<arg>viewport={'width': 1920, 'height': 1280}</arg>
<tag>BrowserControl</tag>
<tag>Setter</tag>
<doc>Create a new BrowserContext with specified options.</doc>
<msg timestamp="20220720 14:19:20.808" level="INFO">{"acceptDownloads": true, "ignoreHTTPSErrors": false, "bypassCSP": false, "viewport": {"height": 1280, "width": 1920}, "deviceScaleFactor": 1.0, "isMobile": false, "hasTouch": false, "javaScriptEnabled": true, "offline": false, "hideRfBrowser": false, "reducedMotion": "no-preference", "forcedColors": "none"}</msg>
<msg timestamp="20220720 14:19:20.849" level="INFO">Successfully created context. </msg>
<msg timestamp="20220720 14:19:20.849" level="INFO">{'acceptDownloads': True, 'ignoreHTTPSErrors': False, 'bypassCSP': False, 'viewport': {'height': 1280, 'width': 1920}, 'deviceScaleFactor': 1, 'isMobile': False, 'hasTouch': False, 'javaScriptEnabled': True, 'offline': False, 'hideRfBrowser': False, 'reducedMotion': 'no-preference', 'forcedColors': 'none'}</msg>
<status status="PASS" starttime="20220720 14:19:20.807" endtime="20220720 14:19:20.849"/>
</kw>
<kw name="New Page" library="Browser">
<arg>${URL}</arg>
<tag>BrowserControl</tag>
<tag>Setter</tag>
<doc>Open a new Page.</doc>
<msg timestamp="20220720 14:19:22.935" level="INFO">Successfully initialized new page object and opened url: https://www.google.com/</msg>
<status status="PASS" starttime="20220720 14:19:20.849" endtime="20220720 14:19:22.935"/>
</kw>
<status status="PASS" starttime="20220720 14:19:19.815" endtime="20220720 14:19:22.936"/>
</kw>
<kw name="Search google" library="resource">
<kw name="Click" library="Browser">
<arg>${Search}</arg>
<tag>PageContent</tag>
<tag>Setter</tag>
<doc>Simulates mouse click on the element found by ``selector``.</doc>
<status status="PASS" starttime="20220720 14:19:22.936" endtime="20220720 14:19:23.108"/>
</kw>
<kw name="Fill Text" library="Browser">
<arg>${Search}</arg>
<arg>${Expect_Search}</arg>
<tag>PageContent</tag>
<tag>Setter</tag>
<doc>Clears and fills the given ``txt`` into the text field found by ``selector``.</doc>
<msg timestamp="20220720 14:19:23.109" level="INFO">Fills the text 'Genshin Impact' in the given field.</msg>
<status status="PASS" starttime="20220720 14:19:23.108" endtime="20220720 14:19:23.218"/>
</kw>
<status status="PASS" starttime="20220720 14:19:22.936" endtime="20220720 14:19:23.218"/>
</kw>
<kw name="Press ButtomSearch">
<kw name="Keyboard Key" library="Browser">
<arg>press</arg>
<arg>Enter</arg>
<tag>PageContent</tag>
<tag>Setter</tag>
<doc>Press a keyboard key on the virtual keyboard or set a key up or down.</doc>
<status status="PASS" starttime="20220720 14:19:23.219" endtime="20220720 14:19:23.238"/>
</kw>
<status status="PASS" starttime="20220720 14:19:23.218" endtime="20220720 14:19:23.238"/>
</kw>
<kw name="Verify Link" library="resource">
<kw name="Click" library="Browser">
<arg>${link_empty2}</arg>
<tag>PageContent</tag>
<tag>Setter</tag>
<doc>Simulates mouse click on the element found by ``selector``.</doc>
<status status="PASS" starttime="20220720 14:19:23.239" endtime="20220720 14:19:24.473"/>
</kw>
<kw name="Get Text" library="Browser">
<var>${Result_Search}</var>
<arg>//*[@id="rso"]/div[1]//div[1]/span/em</arg>
<tag>Assertion</tag>
<tag>Getter</tag>
<tag>PageContent</tag>
<doc>Returns text attribute of the element found by ``selector``.</doc>
<msg timestamp="20220720 14:19:24.523" level="INFO">${Result_Search} = Genshin Impact</msg>
<status status="PASS" starttime="20220720 14:19:24.474" endtime="20220720 14:19:24.523"/>
</kw>
<kw name="Should Be Equal" library="BuiltIn">
<arg>${Result_Search}</arg>
<arg>${Expect_Search}</arg>
<doc>Fails if the given objects are unequal.</doc>
<status status="PASS" starttime="20220720 14:19:24.523" endtime="20220720 14:19:24.524"/>
</kw>
<kw name="Get Text" library="Browser">
<var>${Result}</var>
<arg>//*[@id="rso"]/div[1]//div[1]/a/div/cite</arg>
<tag>Assertion</tag>
<tag>Getter</tag>
<tag>PageContent</tag>
<doc>Returns text attribute of the element found by ``selector``.</doc>
<msg timestamp="20220720 14:19:24.553" level="INFO">${Result} = https://genshin.hoyoverse.com</msg>
<status status="PASS" starttime="20220720 14:19:24.524" endtime="20220720 14:19:24.553"/>
</kw>
<kw name="Should Be Equal" library="BuiltIn">
<arg>${Result}</arg>
<arg>${Expect_text}</arg>
<doc>Fails if the given objects are unequal.</doc>
<status status="PASS" starttime="20220720 14:19:24.553" endtime="20220720 14:19:24.554"/>
</kw>
<kw name="Click" library="Browser">
<arg>${link_empty2}</arg>
<tag>PageContent</tag>
<tag>Setter</tag>
<doc>Simulates mouse click on the element found by ``selector``.</doc>
<status status="PASS" starttime="20220720 14:19:24.554" endtime="20220720 14:19:24.593"/>
</kw>
<status status="PASS" starttime="20220720 14:19:23.239" endtime="20220720 14:19:24.594"/>
</kw>
<status status="PASS" starttime="20220720 14:19:19.815" endtime="20220720 14:19:24.594"/>
</kw>
<kw name="Clear">
<kw name="Clear Text" library="Browser">
<arg>${ClearText}</arg>
<tag>PageContent</tag>
<tag>Setter</tag>
<doc>Clears the text field found by ``selector``.</doc>
<status status="PASS" starttime="20220720 14:19:24.597" endtime="20220720 14:19:24.631"/>
</kw>
<status status="PASS" starttime="20220720 14:19:24.596" endtime="20220720 14:19:24.631"/>
</kw>
<kw name="InputSearch">
<kw name="Fill Text" library="Browser">
<arg>${Search_TC2}</arg>
<arg>${Search_Text}</arg>
<tag>PageContent</tag>
<tag>Setter</tag>
<doc>Clears and fills the given ``txt`` into the text field found by ``selector``.</doc>
<msg timestamp="20220720 14:19:24.635" level="INFO">Fills the text 'Genshin Impact Map' in the given field.</msg>
<status status="PASS" starttime="20220720 14:19:24.634" endtime="20220720 14:19:24.683"/>
</kw>
<status status="PASS" starttime="20220720 14:19:24.633" endtime="20220720 14:19:24.683"/>
</kw>
<kw name="Press ButtomSearch">
<kw name="Keyboard Key" library="Browser">
<arg>press</arg>
<arg>Enter</arg>
<tag>PageContent</tag>
<tag>Setter</tag>
<doc>Press a keyboard key on the virtual keyboard or set a key up or down.</doc>
<status status="PASS" starttime="20220720 14:19:24.686" endtime="20220720 14:19:24.925"/>
</kw>
<status status="PASS" starttime="20220720 14:19:24.686" endtime="20220720 14:19:24.926"/>
</kw>
<kw name="Verify Link_02">
<kw name="Get Text" library="Browser">
<var>${ResultTC02_1}</var>
<arg>//*[@id="rso"]/div[3]/div/div/div[1]/div/div/div[3]/div/span/em[1]</arg>
<tag>Assertion</tag>
<tag>Getter</tag>
<tag>PageContent</tag>
<doc>Returns text attribute of the element found by ``selector``.</doc>
<msg timestamp="20220720 14:19:26.886" level="INFO">${ResultTC02_1} = Genshin Impact</msg>
<status status="PASS" starttime="20220720 14:19:24.927" endtime="20220720 14:19:26.887"/>
</kw>
<kw name="Get Text" library="Browser">
<var>${ResultTC02_2}</var>
<arg>//*[@id="rso"]/div[3]/div/div/div[1]/div/div/div[3]/div/span/em[2]</arg>
<tag>Assertion</tag>
<tag>Getter</tag>
<tag>PageContent</tag>
<doc>Returns text attribute of the element found by ``selector``.</doc>
<msg timestamp="20220720 14:19:27.190" level="INFO">${ResultTC02_2} = Map</msg>
<status status="PASS" starttime="20220720 14:19:26.887" endtime="20220720 14:19:27.190"/>
</kw>
<kw name="Should Contain" library="BuiltIn">
<arg>${ResultTC02_1} ${ResultTC02_2}</arg>
<arg>${Search_Text}</arg>
<doc>Fails if ``container`` does not contain ``item`` one or more times.</doc>
<status status="PASS" starttime="20220720 14:19:27.191" endtime="20220720 14:19:27.192"/>
</kw>
<kw name="Click" library="Browser">
<arg>//*[@id="rso"]/div[1]/div/div[1]/div/a/h3</arg>
<tag>PageContent</tag>
<tag>Setter</tag>
<doc>Simulates mouse click on the element found by ``selector``.</doc>
<status status="PASS" starttime="20220720 14:19:27.192" endtime="20220720 14:19:27.777"/>
</kw>
<status status="PASS" starttime="20220720 14:19:24.927" endtime="20220720 14:19:27.778"/>
</kw>
<status status="PASS" starttime="20220720 14:19:19.810" endtime="20220720 14:19:27.803"/>
</test>
<status status="PASS" starttime="20220720 14:19:18.339" endtime="20220720 14:19:28.027"/>
</suite>
<statistics>
<total>
<stat pass="1" fail="0" skip="0">All Tests</stat>
</total>
<tag>
</tag>
<suite>
<stat pass="1" fail="0" skip="0" id="s1" name="TestCase02">TestCase02</stat>
</suite>
</statistics>
<errors>
</errors>
</robot>
